Logfile initialized
[INFO] logfile = /Users/Gloria/Documents/Titanium Studio Workspace/StartStop/build.log
[DEBUG] /Library/Application Support/Titanium/mobilesdk/osx/1.8.0.1/android/builder.py simulator StartStop /Developer/android-sdk-mac_x86 /Users/Gloria/Documents/Titanium Studio Workspace/StartStop werygloria.dreamhosters.com 7 HVGA 
[INFO] Building StartStop for Android ... one moment
[INFO] Titanium SDK version: 1.8.0.1 (12/22/11 13:09 fbdc96f)
[DEBUG] Waiting for device to be ready ...
[TRACE] adb devices returned 1 devices/emulators
[DEBUG] Device connected... (waited 0 seconds)
[DEBUG] waited 0.022430 seconds on emulator to get ready
[DEBUG] werygloria.dreamhosters.com installed? True
[INFO] Fastdev server running, deploying in Fastdev mode
[INFO] Copying project resources..
[INFO] Tiapp.xml unchanged, skipping class generation
[DEBUG] Processing Android resource drawables
[DEBUG] found drawable-long-land-hdpi splash screen at /Users/Gloria/Documents/Titanium Studio Workspace/StartStop/Resources/android/images/res-long-land-hdpi/default.png
[DEBUG] found drawable-long-land-ldpi splash screen at /Users/Gloria/Documents/Titanium Studio Workspace/StartStop/Resources/android/images/res-long-land-ldpi/default.png
[DEBUG] found drawable-long-port-hdpi splash screen at /Users/Gloria/Documents/Titanium Studio Workspace/StartStop/Resources/android/images/res-long-port-hdpi/default.png
[DEBUG] found drawable-long-port-ldpi splash screen at /Users/Gloria/Documents/Titanium Studio Workspace/StartStop/Resources/android/images/res-long-port-ldpi/default.png
[DEBUG] found drawable-notlong-land-hdpi splash screen at /Users/Gloria/Documents/Titanium Studio Workspace/StartStop/Resources/android/images/res-notlong-land-hdpi/default.png
[DEBUG] found drawable-notlong-land-ldpi splash screen at /Users/Gloria/Documents/Titanium Studio Workspace/StartStop/Resources/android/images/res-notlong-land-ldpi/default.png
[DEBUG] found drawable-notlong-land-mdpi splash screen at /Users/Gloria/Documents/Titanium Studio Workspace/StartStop/Resources/android/images/res-notlong-land-mdpi/default.png
[DEBUG] found drawable-notlong-port-hdpi splash screen at /Users/Gloria/Documents/Titanium Studio Workspace/StartStop/Resources/android/images/res-notlong-port-hdpi/default.png
[DEBUG] found drawable-notlong-port-ldpi splash screen at /Users/Gloria/Documents/Titanium Studio Workspace/StartStop/Resources/android/images/res-notlong-port-ldpi/default.png
[DEBUG] found drawable-notlong-port-mdpi splash screen at /Users/Gloria/Documents/Titanium Studio Workspace/StartStop/Resources/android/images/res-notlong-port-mdpi/default.png
[INFO] Waiting for SDCard to become available..
[INFO] Re-launching application ... StartStop
[INFO] Launching application ... StartStop
[TRACE] Launch output: Starting: Intent { act=android.intent.action.MAIN cat=[android.intent.category.LAUNCHER] cmp=werygloria.dreamhosters.com/.StartstopActivity }

[INFO] Relaunched StartStop ... Application should be running.
[INFO] Launching application ... StartStop
[TRACE] Launch output: Starting: Intent { act=android.intent.action.MAIN cat=[android.intent.category.LAUNCHER] cmp=werygloria.dreamhosters.com/.StartstopActivity }

[INFO] Deployed StartStop ... Application should be running.
[INFO] Android Emulator has exited
